# JRE version: OpenJDK Runtime Environment Temurin-21.0.8+9 (21.0.8+9) (build 21.0.8+9-LTS)
# Java VM: OpenJDK 64-Bit Server VM Temurin-21.0.8+9 (21.0.8+9-LTS, mixed mode, sharing, tiered, compressed oops, compressed class ptrs, parallel gc, windows-amd64)
GC Precious Log:
 CardTable entry size: 512
 CPUs: 12 total, 12 available
 Memory: 16143M
 Large Page Support: Disabled
 NUMA Support: Disabled
 Compressed Oops: Enabled (32-bit)
 Alignments: Space 512K, Generation 512K, Heap 2M
 Heap Min Capacity: 100M
 Heap Initial Capacity: 100M
 Heap Max Capacity: 2G
 Pre-touch: Disabled
 Parallel Workers: 10
Heap:
 PSYoungGen      total 10752K, used 10266K [0x00000000d5580000, 0x00000000d6200000, 0x0000000100000000)
  eden space 10240K, 96% used [0x00000000d5580000,0x00000000d5f26830,0x00000000d5f80000)
  from space 512K, 75% used [0x00000000d6180000,0x00000000d61e0000,0x00000000d6200000)
  to   space 512K, 0% used [0x00000000d6100000,0x00000000d6100000,0x00000000d6180000)
 ParOldGen       total 269824K, used 269485K [0x0000000080000000, 0x0000000090780000, 0x00000000d5580000)
  object space 269824K, 99% used [0x0000000080000000,0x000000009072b628,0x0000000090780000)
 Metaspace       used 78408K, committed 80064K, reserved 1179648K
  class space    used 8161K, committed 8896K, reserved 1048576K
GC Heap History (20 events):
Event: 46.285 GC heap before
{Heap before GC invocations=256 (full 3):
 PSYoungGen      total 10752K, used 10740K [0x00000000d5580000, 0x00000000d6400000, 0x0000000100000000)
  eden space 10240K, 100% used [0x00000000d5580000,0x00000000d5f80000,0x00000000d5f80000)
  from space 512K, 97% used [0x00000000d6380000,0x00000000d63fd200,0x00000000d6400000)
  to   space 2048K, 0% used [0x00000000d6000000,0x00000000d6000000,0x00000000d6200000)
 ParOldGen       total 265216K, used 265203K [0x0000000080000000, 0x0000000090300000, 0x00000000d5580000)
  object space 265216K, 99% used [0x0000000080000000,0x00000000902fcf60,0x0000000090300000)
 Metaspace       used 73156K, committed 74816K, reserved 1179648K
  class space    used 7483K, committed 8192K, reserved 1048576K
}
Event: 46.288 GC heap after
{Heap after GC invocations=256 (full 3):
 PSYoungGen      total 12288K, used 1744K [0x00000000d5580000, 0x00000000d6400000, 0x0000000100000000)
  eden space 10240K, 0% used [0x00000000d5580000,0x00000000d5580000,0x00000000d5f80000)
  from space 2048K, 85% used [0x00000000d6000000,0x00000000d61b4010,0x00000000d6200000)
  to   space 2048K, 0% used [0x00000000d6200000,0x00000000d6200000,0x00000000d6400000)
 ParOldGen       total 265728K, used 265708K [0x0000000080000000, 0x0000000090380000, 0x00000000d5580000)
  object space 265728K, 99% used [0x0000000080000000,0x000000009037b170,0x0000000090380000)
 Metaspace       used 73156K, committed 74816K, reserved 1179648K
  class space    used 7483K, committed 8192K, reserved 1048576K
}
Event: 48.088 GC heap before
{Heap before GC invocations=257 (full 3):
 PSYoungGen      total 12288K, used 11983K [0x00000000d5580000, 0x00000000d6400000, 0x0000000100000000)
  eden space 10240K, 99% used [0x00000000d5580000,0x00000000d5f7ffd0,0x00000000d5f80000)
  from space 2048K, 85% used [0x00000000d6000000,0x00000000d61b4010,0x00000000d6200000)
  to   space 2048K, 0% used [0x00000000d6200000,0x00000000d6200000,0x00000000d6400000)
 ParOldGen       total 265728K, used 265708K [0x0000000080000000, 0x0000000090380000, 0x00000000d5580000)
  object space 265728K, 99% used [0x0000000080000000,0x000000009037b170,0x0000000090380000)
 Metaspace       used 73266K, committed 74944K, reserved 1179648K
  class space    used 7489K, committed 8256K, reserved 1048576K
}
Event: 48.090 GC heap after
{Heap after GC invocations=257 (full 3):
 PSYoungGen      total 11264K, used 660K [0x00000000d5580000, 0x00000000d6300000, 0x0000000100000000)
  eden space 10240K, 0% used [0x00000000d5580000,0x00000000d5580000,0x00000000d5f80000)
  from space 1024K, 64% used [0x00000000d6200000,0x00000000d62a5200,0x00000000d6300000)
  to   space 1536K, 0% used [0x00000000d6000000,0x00000000d6000000,0x00000000d6180000)
 ParOldGen       total 267264K, used 266814K [0x0000000080000000, 0x0000000090500000, 0x00000000d5580000)
  object space 267264K, 99% used [0x0000000080000000,0x000000009048f8a0,0x0000000090500000)
 Metaspace       used 73266K, committed 74944K, reserved 1179648K
  class space    used 7489K, committed 8256K, reserved 1048576K
}
Event: 48.962 GC heap before
{Heap before GC invocations=258 (full 3):
 PSYoungGen      total 11264K, used 10867K [0x00000000d5580000, 0x00000000d6300000, 0x0000000100000000)
  eden space 10240K, 99% used [0x00000000d5580000,0x00000000d5f77db8,0x00000000d5f80000)
  from space 1024K, 64% used [0x00000000d6200000,0x00000000d62a5200,0x00000000d6300000)
  to   space 1536K, 0% used [0x00000000d6000000,0x00000000d6000000,0x00000000d6180000)
 ParOldGen       total 267264K, used 266814K [0x0000000080000000, 0x0000000090500000, 0x00000000d5580000)
  object space 267264K, 99% used [0x0000000080000000,0x000000009048f8a0,0x0000000090500000)
 Metaspace       used 73314K, committed 75072K, reserved 1179648K
  class space    used 7489K, committed 8256K, reserved 1048576K
}
Event: 48.966 GC heap after
{Heap after GC invocations=258 (full 3):
 PSYoungGen      total 11776K, used 1422K [0x00000000d5580000, 0x00000000d6380000, 0x0000000100000000)
  eden space 10240K, 0% used [0x00000000d5580000,0x00000000d5580000,0x00000000d5f80000)
  from space 1536K, 92% used [0x00000000d6000000,0x00000000d6163ad8,0x00000000d6180000)
  to   space 2048K, 0% used [0x00000000d6180000,0x00000000d6180000,0x00000000d6380000)
 ParOldGen       total 267776K, used 267330K [0x0000000080000000, 0x0000000090580000, 0x00000000d5580000)
  object space 267776K, 99% used [0x0000000080000000,0x0000000090510ab0,0x0000000090580000)
 Metaspace       used 73314K, committed 75072K, reserved 1179648K
  class space    used 7489K, committed 8256K, reserved 1048576K
}
Event: 49.092 GC heap before
{Heap before GC invocations=259 (full 3):
 PSYoungGen      total 11776K, used 11662K [0x00000000d5580000, 0x00000000d6380000, 0x0000000100000000)
  eden space 10240K, 100% used [0x00000000d5580000,0x00000000d5f80000,0x00000000d5f80000)
  from space 1536K, 92% used [0x00000000d6000000,0x00000000d6163ad8,0x00000000d6180000)
  to   space 2048K, 0% used [0x00000000d6180000,0x00000000d6180000,0x00000000d6380000)
 ParOldGen       total 267776K, used 267330K [0x0000000080000000, 0x0000000090580000, 0x00000000d5580000)
  object space 267776K, 99% used [0x0000000080000000,0x0000000090510ab0,0x0000000090580000)
 Metaspace       used 73703K, committed 75392K, reserved 1179648K
  class space    used 7547K, committed 8256K, reserved 1048576K
}
Event: 49.094 GC heap after
{Heap after GC invocations=259 (full 3):
 PSYoungGen      total 10752K, used 480K [0x00000000d5580000, 0x00000000d6200000, 0x0000000100000000)
  eden space 10240K, 0% used [0x00000000d5580000,0x00000000d5580000,0x00000000d5f80000)
  from space 512K, 93% used [0x00000000d6180000,0x00000000d61f8000,0x00000000d6200000)
  to   space 1024K, 0% used [0x00000000d6000000,0x00000000d6000000,0x00000000d6100000)
 ParOldGen       total 268800K, used 268341K [0x0000000080000000, 0x0000000090680000, 0x00000000d5580000)
  object space 268800K, 99% used [0x0000000080000000,0x000000009060d758,0x0000000090680000)
 Metaspace       used 73703K, committed 75392K, reserved 1179648K
  class space    used 7547K, committed 8256K, reserved 1048576K
}
Event: 49.306 GC heap before
{Heap before GC invocations=260 (full 3):
 PSYoungGen      total 10752K, used 10719K [0x00000000d5580000, 0x00000000d6200000, 0x0000000100000000)
  eden space 10240K, 99% used [0x00000000d5580000,0x00000000d5f7ffe0,0x00000000d5f80000)
  from space 512K, 93% used [0x00000000d6180000,0x00000000d61f8000,0x00000000d6200000)
  to   space 1024K, 0% used [0x00000000d6000000,0x00000000d6000000,0x00000000d6100000)
 ParOldGen       total 268800K, used 268341K [0x0000000080000000, 0x0000000090680000, 0x00000000d5580000)
  object space 268800K, 99% used [0x0000000080000000,0x000000009060d758,0x0000000090680000)
 Metaspace       used 74356K, committed 76096K, reserved 1179648K
  class space    used 7624K, committed 8384K, reserved 1048576K
}
Event: 49.307 GC heap after
{Heap after GC invocations=260 (full 3):
 PSYoungGen      total 11264K, used 320K [0x00000000d5580000, 0x00000000d6200000, 0x0000000100000000)
  eden space 10240K, 0% used [0x00000000d5580000,0x00000000d5580000,0x00000000d5f80000)
  from space 1024K, 31% used [0x00000000d6000000,0x00000000d6050000,0x00000000d6100000)
  to   space 512K, 0% used [0x00000000d6180000,0x00000000d6180000,0x00000000d6200000)
 ParOldGen       total 268800K, used 268613K [0x0000000080000000, 0x0000000090680000, 0x00000000d5580000)
  object space 268800K, 99% used [0x0000000080000000,0x0000000090651758,0x0000000090680000)
 Metaspace       used 74356K, committed 76096K, reserved 1179648K
  class space    used 7624K, committed 8384K, reserved 1048576K
}
Event: 50.727 GC heap before
{Heap before GC invocations=261 (full 3):
 PSYoungGen      total 11264K, used 10560K [0x00000000d5580000, 0x00000000d6200000, 0x0000000100000000)
  eden space 10240K, 100% used [0x00000000d5580000,0x00000000d5f80000,0x00000000d5f80000)
  from space 1024K, 31% used [0x00000000d6000000,0x00000000d6050000,0x00000000d6100000)
  to   space 512K, 0% used [0x00000000d6180000,0x00000000d6180000,0x00000000d6200000)
 ParOldGen       total 268800K, used 268613K [0x0000000080000000, 0x0000000090680000, 0x00000000d5580000)
  object space 268800K, 99% used [0x0000000080000000,0x0000000090651758,0x0000000090680000)
 Metaspace       used 74898K, committed 76608K, reserved 1179648K
  class space    used 7695K, committed 8448K, reserved 1048576K
}
Event: 50.729 GC heap after
{Heap after GC invocations=261 (full 3):
 PSYoungGen      total 10752K, used 320K [0x00000000d5580000, 0x00000000d6200000, 0x0000000100000000)
  eden space 10240K, 0% used [0x00000000d5580000,0x00000000d5580000,0x00000000d5f80000)
  from space 512K, 62% used [0x00000000d6180000,0x00000000d61d0000,0x00000000d6200000)
  to   space 512K, 0% used [0x00000000d6100000,0x00000000d6100000,0x00000000d6180000)
 ParOldGen       total 268800K, used 268772K [0x0000000080000000, 0x0000000090680000, 0x00000000d5580000)
  object space 268800K, 99% used [0x0000000080000000,0x0000000090679060,0x0000000090680000)
 Metaspace       used 74898K, committed 76608K, reserved 1179648K
  class space    used 7695K, committed 8448K, reserved 1048576K
}
Event: 50.840 GC heap before
{Heap before GC invocations=262 (full 3):
 PSYoungGen      total 10752K, used 10439K [0x00000000d5580000, 0x00000000d6200000, 0x0000000100000000)
  eden space 10240K, 98% used [0x00000000d5580000,0x00000000d5f61db8,0x00000000d5f80000)
  from space 512K, 62% used [0x00000000d6180000,0x00000000d61d0000,0x00000000d6200000)
  to   space 512K, 0% used [0x00000000d6100000,0x00000000d6100000,0x00000000d6180000)
 ParOldGen       total 268800K, used 268772K [0x0000000080000000, 0x0000000090680000, 0x00000000d5580000)
  object space 268800K, 99% used [0x0000000080000000,0x0000000090679060,0x0000000090680000)
 Metaspace       used 75139K, committed 76800K, reserved 1179648K
  class space    used 7720K, committed 8448K, reserved 1048576K
}
Event: 50.841 GC heap after
{Heap after GC invocations=262 (full 3):
 PSYoungGen      total 10752K, used 384K [0x00000000d5580000, 0x00000000d6200000, 0x0000000100000000)
  eden space 10240K, 0% used [0x00000000d5580000,0x00000000d5580000,0x00000000d5f80000)
  from space 512K, 75% used [0x00000000d6100000,0x00000000d6160000,0x00000000d6180000)
  to   space 512K, 0% used [0x00000000d6180000,0x00000000d6180000,0x00000000d6200000)
 ParOldGen       total 269312K, used 268948K [0x0000000080000000, 0x0000000090700000, 0x00000000d5580000)
  object space 269312K, 99% used [0x0000000080000000,0x00000000906a5060,0x0000000090700000)
 Metaspace       used 75139K, committed 76800K, reserved 1179648K
  class space    used 7720K, committed 8448K, reserved 1048576K
}
Event: 50.942 GC heap before
{Heap before GC invocations=263 (full 3):
 PSYoungGen      total 10752K, used 10623K [0x00000000d5580000, 0x00000000d6200000, 0x0000000100000000)
  eden space 10240K, 99% used [0x00000000d5580000,0x00000000d5f7ffd0,0x00000000d5f80000)
  from space 512K, 75% used [0x00000000d6100000,0x00000000d6160000,0x00000000d6180000)
  to   space 512K, 0% used [0x00000000d6180000,0x00000000d6180000,0x00000000d6200000)
 ParOldGen       total 269312K, used 268948K [0x0000000080000000, 0x0000000090700000, 0x00000000d5580000)
  object space 269312K, 99% used [0x0000000080000000,0x00000000906a5060,0x0000000090700000)
 Metaspace       used 75140K, committed 76800K, reserved 1179648K
  class space    used 7720K, committed 8448K, reserved 1048576K
}
Event: 50.943 GC heap after
{Heap after GC invocations=263 (full 3):
 PSYoungGen      total 10752K, used 490K [0x00000000d5580000, 0x00000000d6200000, 0x0000000100000000)
  eden space 10240K, 0% used [0x00000000d5580000,0x00000000d5580000,0x00000000d5f80000)
  from space 512K, 95% used [0x00000000d6180000,0x00000000d61fa910,0x00000000d6200000)
  to   space 512K, 0% used [0x00000000d6100000,0x00000000d6100000,0x00000000d6180000)
 ParOldGen       total 269312K, used 269124K [0x0000000080000000, 0x0000000090700000, 0x00000000d5580000)
  object space 269312K, 99% used [0x0000000080000000,0x00000000906d1060,0x0000000090700000)
 Metaspace       used 75140K, committed 76800K, reserved 1179648K
  class space    used 7720K, committed 8448K, reserved 1048576K
}
Event: 51.271 GC heap before
{Heap before GC invocations=264 (full 3):
 PSYoungGen      total 10752K, used 10730K [0x00000000d5580000, 0x00000000d6200000, 0x0000000100000000)
  eden space 10240K, 99% used [0x00000000d5580000,0x00000000d5f7ffe8,0x00000000d5f80000)
  from space 512K, 95% used [0x00000000d6180000,0x00000000d61fa910,0x00000000d6200000)
  to   space 512K, 0% used [0x00000000d6100000,0x00000000d6100000,0x00000000d6180000)
 ParOldGen       total 269312K, used 269124K [0x0000000080000000, 0x0000000090700000, 0x00000000d5580000)
  object space 269312K, 99% used [0x0000000080000000,0x00000000906d1060,0x0000000090700000)
 Metaspace       used 76220K, committed 77952K, reserved 1179648K
  class space    used 7818K, committed 8576K, reserved 1048576K
}
Event: 51.272 GC heap after
{Heap after GC invocations=264 (full 3):
 PSYoungGen      total 10752K, used 433K [0x00000000d5580000, 0x00000000d6200000, 0x0000000100000000)
  eden space 10240K, 0% used [0x00000000d5580000,0x00000000d5580000,0x00000000d5f80000)
  from space 512K, 84% used [0x00000000d6100000,0x00000000d616c5c8,0x00000000d6180000)
  to   space 512K, 0% used [0x00000000d6180000,0x00000000d6180000,0x00000000d6200000)
 ParOldGen       total 269312K, used 269180K [0x0000000080000000, 0x0000000090700000, 0x00000000d5580000)
  object space 269312K, 99% used [0x0000000080000000,0x00000000906df060,0x0000000090700000)
 Metaspace       used 76220K, committed 77952K, reserved 1179648K
  class space    used 7818K, committed 8576K, reserved 1048576K
}
Event: 51.424 GC heap before
{Heap before GC invocations=265 (full 3):
 PSYoungGen      total 10752K, used 10673K [0x00000000d5580000, 0x00000000d6200000, 0x0000000100000000)
  eden space 10240K, 100% used [0x00000000d5580000,0x00000000d5f80000,0x00000000d5f80000)
  from space 512K, 84% used [0x00000000d6100000,0x00000000d616c5c8,0x00000000d6180000)
  to   space 512K, 0% used [0x00000000d6180000,0x00000000d6180000,0x00000000d6200000)
 ParOldGen       total 269312K, used 269180K [0x0000000080000000, 0x0000000090700000, 0x00000000d5580000)
  object space 269312K, 99% used [0x0000000080000000,0x00000000906df060,0x0000000090700000)
 Metaspace       used 77230K, committed 78976K, reserved 1179648K
  class space    used 7998K, committed 8768K, reserved 1048576K
}
Event: 51.425 GC heap after
{Heap after GC invocations=265 (full 3):
 PSYoungGen      total 10752K, used 384K [0x00000000d5580000, 0x00000000d6200000, 0x0000000100000000)
  eden space 10240K, 0% used [0x00000000d5580000,0x00000000d5580000,0x00000000d5f80000)
  from space 512K, 75% used [0x00000000d6180000,0x00000000d61e0000,0x00000000d6200000)
  to   space 512K, 0% used [0x00000000d6100000,0x00000000d6100000,0x00000000d6180000)
 ParOldGen       total 269824K, used 269485K [0x0000000080000000, 0x0000000090780000, 0x00000000d5580000)
  object space 269824K, 99% used [0x0000000080000000,0x000000009072b628,0x0000000090780000)
 Metaspace       used 77230K, committed 78976K, reserved 1179648K
  class space    used 7998K, committed 8768K, reserved 1048576K
}

