# JRE version: Java(TM) SE Runtime Environment (21.0.8+12) (build 21.0.8+12-LTS-250)
# Java VM: Java HotSpot(TM) 64-Bit Server VM (21.0.8+12-LTS-250, mixed mode, sharing, tiered, compressed oops, compressed class ptrs, g1 gc, windows-amd64)
GC Precious Log:
 CardTable entry size: 512
 Card Set container configuration: InlinePtr #cards 4 size 8 Array Of Cards #cards 16 size 48 Howl #buckets 8 coarsen threshold 3686 Howl Bitmap #cards 512 size 80 coarsen threshold 460 Card regions per heap region 1 cards per card region 4096
 CPUs: 12 total, 12 available
 Memory: 16143M
 Large Page Support: Disabled
 NUMA Support: Disabled
 Compressed Oops: Enabled (Zero based)
 Heap Region Size: 2M
 Heap Min Capacity: 8M
 Heap Initial Capacity: 254M
 Heap Max Capacity: 4036M
 Pre-touch: Disabled
 Parallel Workers: 10
 Concurrent Workers: 3
 Concurrent Refinement Workers: 10
 Periodic GC: Disabled
Heap:
 garbage-first heap   total 86016K, used 56246K [0x0000000703c00000, 0x0000000800000000)
  region size 2048K, 12 young (24576K), 2 survivors (4096K)
 Metaspace       used 83741K, committed 84608K, reserved 1179648K
  class space    used 11192K, committed 11584K, reserved 1048576K
GC Heap History (20 events):
Event: 3.325 GC heap before
{Heap before GC invocations=4 (full 0):
 garbage-first heap   total 61440K, used 59082K [0x0000000703c00000, 0x0000000800000000)
  region size 2048K, 26 young (53248K), 4 survivors (8192K)
 Metaspace       used 26706K, committed 27136K, reserved 1114112K
  class space    used 3368K, committed 3584K, reserved 1048576K
}
Event: 3.332 GC heap after
{Heap after GC invocations=5 (full 0):
 garbage-first heap   total 71680K, used 17557K [0x0000000703c00000, 0x0000000800000000)
  region size 2048K, 5 young (10240K), 5 survivors (10240K)
 Metaspace       used 26706K, committed 27136K, reserved 1114112K
  class space    used 3368K, committed 3584K, reserved 1048576K
}
Event: 4.150 GC heap before
{Heap before GC invocations=5 (full 0):
 garbage-first heap   total 71680K, used 50325K [0x0000000703c00000, 0x0000000800000000)
  region size 2048K, 21 young (43008K), 5 survivors (10240K)
 Metaspace       used 32661K, committed 33152K, reserved 1114112K
  class space    used 4136K, committed 4352K, reserved 1048576K
}
Event: 4.160 GC heap after
{Heap after GC invocations=6 (full 0):
 garbage-first heap   total 71680K, used 20531K [0x0000000703c00000, 0x0000000800000000)
  region size 2048K, 2 young (4096K), 2 survivors (4096K)
 Metaspace       used 32661K, committed 33152K, reserved 1114112K
  class space    used 4136K, committed 4352K, reserved 1048576K
}
Event: 4.577 GC heap before
{Heap before GC invocations=6 (full 0):
 garbage-first heap   total 71680K, used 36915K [0x0000000703c00000, 0x0000000800000000)
  region size 2048K, 11 young (22528K), 2 survivors (4096K)
 Metaspace       used 35471K, committed 35968K, reserved 1114112K
  class space    used 4491K, committed 4736K, reserved 1048576K
}
Event: 4.580 GC heap after
{Heap after GC invocations=7 (full 0):
 garbage-first heap   total 71680K, used 21332K [0x0000000703c00000, 0x0000000800000000)
  region size 2048K, 3 young (6144K), 3 survivors (6144K)
 Metaspace       used 35471K, committed 35968K, reserved 1114112K
  class space    used 4491K, committed 4736K, reserved 1048576K
}
Event: 5.367 GC heap before
{Heap before GC invocations=8 (full 0):
 garbage-first heap   total 71680K, used 54100K [0x0000000703c00000, 0x0000000800000000)
  region size 2048K, 19 young (38912K), 3 survivors (6144K)
 Metaspace       used 42623K, committed 43200K, reserved 1114112K
  class space    used 5594K, committed 5824K, reserved 1048576K
}
Event: 5.376 GC heap after
{Heap after GC invocations=9 (full 0):
 garbage-first heap   total 71680K, used 23638K [0x0000000703c00000, 0x0000000800000000)
  region size 2048K, 2 young (4096K), 2 survivors (4096K)
 Metaspace       used 42623K, committed 43200K, reserved 1114112K
  class space    used 5594K, committed 5824K, reserved 1048576K
}
Event: 6.157 GC heap before
{Heap before GC invocations=9 (full 0):
 garbage-first heap   total 71680K, used 56406K [0x0000000703c00000, 0x0000000800000000)
  region size 2048K, 19 young (38912K), 2 survivors (4096K)
 Metaspace       used 52420K, committed 53056K, reserved 1114112K
  class space    used 6808K, committed 7104K, reserved 1048576K
}
Event: 6.161 GC heap after
{Heap after GC invocations=10 (full 0):
 garbage-first heap   total 86016K, used 27147K [0x0000000703c00000, 0x0000000800000000)
  region size 2048K, 3 young (6144K), 3 survivors (6144K)
 Metaspace       used 52420K, committed 53056K, reserved 1114112K
  class space    used 6808K, committed 7104K, reserved 1048576K
}
Event: 6.620 GC heap before
{Heap before GC invocations=10 (full 0):
 garbage-first heap   total 86016K, used 49675K [0x0000000703c00000, 0x0000000800000000)
  region size 2048K, 15 young (30720K), 3 survivors (6144K)
 Metaspace       used 59485K, committed 60096K, reserved 1114112K
  class space    used 7889K, committed 8192K, reserved 1048576K
}
Event: 6.625 GC heap after
{Heap after GC invocations=11 (full 0):
 garbage-first heap   total 86016K, used 27822K [0x0000000703c00000, 0x0000000800000000)
  region size 2048K, 3 young (6144K), 3 survivors (6144K)
 Metaspace       used 59485K, committed 60096K, reserved 1114112K
  class space    used 7889K, committed 8192K, reserved 1048576K
}
Event: 7.515 GC heap before
{Heap before GC invocations=12 (full 0):
 garbage-first heap   total 86016K, used 70830K [0x0000000703c00000, 0x0000000800000000)
  region size 2048K, 24 young (49152K), 3 survivors (6144K)
 Metaspace       used 67990K, committed 68672K, reserved 1114112K
  class space    used 9101K, committed 9408K, reserved 1048576K
}
Event: 7.522 GC heap after
{Heap after GC invocations=13 (full 0):
 garbage-first heap   total 86016K, used 31069K [0x0000000703c00000, 0x0000000800000000)
  region size 2048K, 3 young (6144K), 3 survivors (6144K)
 Metaspace       used 67990K, committed 68672K, reserved 1114112K
  class space    used 9101K, committed 9408K, reserved 1048576K
}
Event: 8.247 GC heap before
{Heap before GC invocations=13 (full 0):
 garbage-first heap   total 86016K, used 69981K [0x0000000703c00000, 0x0000000800000000)
  region size 2048K, 22 young (45056K), 3 survivors (6144K)
 Metaspace       used 71716K, committed 72448K, reserved 1114112K
  class space    used 9588K, committed 9920K, reserved 1048576K
}
Event: 8.253 GC heap after
{Heap after GC invocations=14 (full 0):
 garbage-first heap   total 86016K, used 33769K [0x0000000703c00000, 0x0000000800000000)
  region size 2048K, 2 young (4096K), 2 survivors (4096K)
 Metaspace       used 71716K, committed 72448K, reserved 1114112K
  class space    used 9588K, committed 9920K, reserved 1048576K
}
Event: 8.913 GC heap before
{Heap before GC invocations=14 (full 0):
 garbage-first heap   total 86016K, used 74729K [0x0000000703c00000, 0x0000000800000000)
  region size 2048K, 22 young (45056K), 2 survivors (4096K)
 Metaspace       used 76221K, committed 77056K, reserved 1179648K
  class space    used 10251K, committed 10624K, reserved 1048576K
}
Event: 8.918 GC heap after
{Heap after GC invocations=15 (full 0):
 garbage-first heap   total 86016K, used 36755K [0x0000000703c00000, 0x0000000800000000)
  region size 2048K, 3 young (6144K), 3 survivors (6144K)
 Metaspace       used 76221K, committed 77056K, reserved 1179648K
  class space    used 10251K, committed 10624K, reserved 1048576K
}
Event: 23.527 GC heap before
{Heap before GC invocations=15 (full 0):
 garbage-first heap   total 86016K, used 71571K [0x0000000703c00000, 0x0000000800000000)
  region size 2048K, 21 young (43008K), 3 survivors (6144K)
 Metaspace       used 83211K, committed 84096K, reserved 1179648K
  class space    used 11186K, committed 11584K, reserved 1048576K
}
Event: 23.532 GC heap after
{Heap after GC invocations=16 (full 0):
 garbage-first heap   total 86016K, used 39862K [0x0000000703c00000, 0x0000000800000000)
  region size 2048K, 2 young (4096K), 2 survivors (4096K)
 Metaspace       used 83211K, committed 84096K, reserved 1179648K
  class space    used 11186K, committed 11584K, reserved 1048576K
}

